Arguments: 
  C:\Program Files\nodejs\node.exe C:\Users\evely\AppData\Roaming\npm\node_modules\yarn\bin\yarn.js install

PATH: 
  C:\Program Files (x86)\Common Files\Oracle\Java\javapath;C:\WINDOWS\system32;C:\WINDOWS;C:\WINDOWS\System32\Wbem;C:\WINDOWS\System32\WindowsPowerShell\v1.0\;C:\WINDOWS\System32\OpenSSH\;C:\Program Files\Java\jdk-13.0.2\bin;C:\Program Files\Git\cmd;C:\src\flutter\bin;C:\ProgramData\chocolatey\bin;C:\Program Files\PuTTY\;C:\Program Files\nodejs\;C:\Gradle\gradle-6.6.1\bin;C:\Program Files\MySQL\MySQL Shell 8.0\bin\;C:\Users\evely\AppData\Local\Microsoft\WindowsApps;C:\tools\dart-sdk\bin;C:\Users\evely\AppData\Roaming\Pub\Cache\bin;C:\Users\evely\AppData\Local\atom\bin;C:\Users\evely\AppData\Roaming\npm;C:\Users\evely\AppData\Local\Programs\Microsoft VS Code\bin;;%USERPROFILE%\AppData\Local\Microsoft\WindowsApps

Yarn version: 
  1.22.10

Node version: 
  12.19.0

Platform: 
  win32 x64

Trace: 
  Error: EPERM: operation not permitted, unlink 'C:\Users\evely\ReactNativeMapDemo\node_modules\@expo\xdl\binaries\windows\adb\AdbWinUsbApi.dll'

npm manifest: 
  {
    "main": "node_modules/expo/AppEntry.js",
    "scripts": {
      "start": "expo start",
      "android": "expo start --android",
      "ios": "expo start --ios",
      "web": "expo start --web",
      "eject": "expo eject"
    },
    "dependencies": {
      "@expo-google-fonts/inter": "^0.1.0",
      "@react-native-community/datetimepicker": "^3.0.9",
      "@react-native-community/masked-view": "0.1.10",
      "@react-native-picker/picker": "^1.9.11",
      "@react-navigation/bottom-tabs": "^5.11.8",
      "@react-navigation/drawer": "^5.12.4",
      "@react-navigation/material-top-tabs": "^5.3.14",
      "@react-navigation/native": "^5.9.3",
      "@react-navigation/stack": "^5.14.3",
      "accordion-collapse-react-native": "^0.4.0",
      "axios": "^0.21.1",
      "email-validator": "^2.0.4",
      "expo": "^39.0.5",
      "expo-app-loading": "^1.0.2",
      "expo-cli": "^4.1.6",
      "expo-font": "~8.3.0",
      "expo-image-picker": "~9.1.1",
      "expo-location": "^9.0.1",
      "expo-notifications": "~0.7.2",
      "expo-status-bar": "^1.0.3",
      "formik": "^2.2.6",
      "global": "^4.4.0",
      "native-base": "^2.15.2",
      "prop-types": "^15.7.2",
      "radio-buttons-react-native": "^1.0.4",
      "react": "16.13.1",
      "react-dom": "16.13.1",
      "react-native": "https://github.com/expo/react-native/archive/sdk-39.0.2.tar.gz",
      "react-native-animatable": "^1.3.3",
      "react-native-calendars": "^1.1249.0",
      "react-native-drawer": "^2.5.1",
      "react-native-dropdown": "0.0.6",
      "react-native-dropdown-picker": "^3.7.1",
      "react-native-elements": "^2.3.2",
      "react-native-flash-message": "^0.1.22",
      "react-native-gesture-handler": "~1.7.0",
      "react-native-map-clustering": "^3.4.2",
      "react-native-maps": "0.27.1",
      "react-native-modal": "^11.7.0",
      "react-native-reanimated": "^1.13.2",
      "react-native-safe-area-context": "3.1.4",
      "react-native-safe-area-view": "^1.1.1",
      "react-native-screens": "~2.10.1",
      "react-native-switch": "^2.0.0",
      "react-native-tab-view": "^2.15.2",
      "react-native-vector-icons": "^7.1.0",
      "react-native-web": "^0.15.0",
      "react-native-webview": "10.7.0",
      "react-navigation": "^4.4.4",
      "react-redux": "^7.2.2",
      "react-select": "^4.1.0",
      "redux": "^4.0.5",
      "redux-thunk": "^2.3.0",
      "react-native-svg": "12.1.0",
      "expo-constants": "~9.2.0",
      "expo-linear-gradient": "~8.3.0"
    },
    "devDependencies": {
      "@babel/core": "~7.9.0"
    },
    "private": true
  }

yarn manifest: 
  No manifest

Lockfile: 
  No lockfile
